Determining if the include file opencv2/bgsegm.hpp exists failed with the following output:
Change Dir: /home/lacie/Github/Master-Thesis/Task4-Counting-Dragon-Fruit/BBTracker/cmake-build-debug/CMakeFiles/CMakeTmp

Run Build Command(s):/home/lacie/.local/share/JetBrains/Toolbox/apps/CLion/ch-0/213.6777.58/bin/ninja/linux/ninja cmTC_326d7 && [1/2] Building CXX object CMakeFiles/cmTC_326d7.dir/CheckIncludeFile.cxx.o
FAILED: CMakeFiles/cmTC_326d7.dir/CheckIncludeFile.cxx.o 
/usr/bin/c++    -o CMakeFiles/cmTC_326d7.dir/CheckIncludeFile.cxx.o -c /home/lacie/Github/Master-Thesis/Task4-Counting-Dragon-Fruit/BBTracker/cmake-build-debug/CMakeFiles/CMakeTmp/CheckIncludeFile.cxx
/home/lacie/Github/Master-Thesis/Task4-Counting-Dragon-Fruit/BBTracker/cmake-build-debug/CMakeFiles/CMakeTmp/CheckIncludeFile.cxx:1:10: fatal error: opencv2/bgsegm.hpp: No such file or directory
    1 | #include <opencv2/bgsegm.hpp>
      |          ^~~~~~~~~~~~~~~~~~~~
compilation terminated.
ninja: build stopped: subcommand failed.



